* using log directory 'H:/RProjects/poisson/poisson.Rcheck'
* using R version 3.2.2 (2015-08-14)
* using platform: x86_64-w64-mingw32 (64-bit)
* using session charset: ISO8859-1
* checking for file 'poisson/DESCRIPTION' ... OK
* checking extension type ... Package
* this is package 'Poisson' version '1.0'
* checking package namespace information ... OK
* checking package dependencies ... OK
* checking if this is a source package ... OK
* checking if there is a namespace ... OK
* checking for executable files ... OK
* checking for hidden files and directories ... OK
* checking for portable file names ... OK
* checking whether package 'Poisson' can be installed ... OK
* checking installed package size ... OK
* checking package directory ... OK
* checking DESCRIPTION meta-information ... OK
* checking top-level files ... OK
* checking for left-over files ... OK
* checking index information ... OK
* checking package subdirectories ... OK
* checking R files for non-ASCII characters ... OK
* checking R files for syntax errors ... OK
* checking whether the package can be loaded ... OK
* checking whether the package can be loaded with stated dependencies ... OK
* checking whether the package can be unloaded cleanly ... OK
* checking whether the namespace can be loaded with stated dependencies ... OK
* checking whether the namespace can be unloaded cleanly ... OK
* checking loading without being on the library search path ... OK
* checking dependencies in R code ... OK
* checking S3 generic/method consistency ... OK
* checking replacement functions ... OK
* checking foreign function calls ... OK
* checking R code for possible problems ... OK
* checking Rd files ... OK
* checking Rd metadata ... OK
* checking Rd cross-references ... OK
* checking for missing documentation entries ... OK
* checking for code/documentation mismatches ... WARNING
Codoc mismatches from documentation object 'plot-methods':
\S4method{plot}{PoissonProcessScenario}
  Code: function(x, plot.mean = T, plot.quantiles = T, ...)
  Docs: function(x, ...)
  Argument names in code not in docs:
    plot.mean plot.quantiles
  Mismatches in argument names:
    Position: 2 Code: plot.mean Docs: ...

Codoc mismatches from documentation object 'show-methods':
\S4method{show}{PoissonProcessScenario}
  Code: function(object)
  Docs: function(x)
  Argument names in code not in docs:
    object
  Argument names in docs not in code:
    x
  Mismatches in argument names:
    Position: 1 Code: object Docs: x

* checking Rd \usage sections ... WARNING
Objects in \usage without \alias in documentation object 'plot-methods':
  '\S4method{plot}{PoissonProcessScenario}'

Undocumented arguments in documentation object 'plot.processes'
  'y' 'xlab' 'ylab' 'type' 'lty' 'col' 'xlim' 'lwd' 'add'

Objects in \usage without \alias in documentation object 'show-methods':
  '\S4method{show}{PoissonProcessScenario}'

Functions with \usage entries need to have the appropriate \alias
entries, and all their arguments documented.
The \usage entries must correspond to syntactically valid R code.
See chapter 'Writing R documentation files' in the 'Writing R
Extensions' manual.
S3 methods shown with full name in documentation object 'plot.processes':
  'plot.processes'

The \usage entries for S3 methods should use the \method markup and not
their full name.
See chapter 'Writing R documentation files' in the 'Writing R
Extensions' manual.
* checking Rd contents ... OK
* checking for unstated dependencies in examples ... OK
* checking examples ... OK
* checking PDF version of manual ... OK
* DONE
Status: 2 WARNINGs
